This is cutadapt 1.16 with Python 3.6.5
Command line parameters: -a AAACCGTTAACCGGT -m 20 a.fq
Running on 1 core
Trimming 1 adapter with at most 10.0% errors in single-end mode ...
Finished in 0.09 s (9 us/read; 7.01 M reads/minute).

=== Summary ===

Total reads processed:                  10,000
Reads with adapters:                       459 (4.6%)
Reads that were too short:                   0 (0.0%)
Reads written (passing filters):        10,000 (100.0%)

Total basepairs processed:       738,899 bp
Total written (filtered):        737,426 bp (99.8%)

=== Adapter 1 ===

Sequence: AAACCGTTAACCGGT; Type: regular 3'; Length: 15; Trimmed: 459 times.

No. of allowed errors:
0-9 bp: 0; 10-15 bp: 1

Bases preceding removed adapters:
  A: 40.3%
  C: 20.9%
  G: 19.4%
  T: 19.4%
  none/other: 0.0%

Overview of removed sequences
length	count	expect	max.err	error counts
3	390	156.2	0	390
4	54	39.1	0	54
5	10	9.8	0	10
6	2	2.4	0	2
7	1	0.6	0	1
8	1	0.2	0	1
10	1	0.0	1	0 1

