                                 Started job on |	Sep 12 11:08:57
                             Started mapping on |	Sep 12 11:11:27
                                    Finished on |	Sep 12 11:11:29
       Mapping speed, Million of reads per hour |	18.00

                          Number of input reads |	10000
                      Average input read length |	73
                                    UNIQUE READS:
                   Uniquely mapped reads number |	47
                        Uniquely mapped reads % |	0.47%
                          Average mapped length |	51.66
                       Number of splices: Total |	5
            Number of splices: Annotated (sjdb) |	0
                       Number of splices: GT/AG |	3
                       Number of splices: GC/AG |	0
                       Number of splices: AT/AC |	0
               Number of splices: Non-canonical |	2
                      Mismatch rate per base, % |	2.14%
                         Deletion rate per base |	0.04%
                        Deletion average length |	1.00
                        Insertion rate per base |	0.00%
                       Insertion average length |	0.00
                             MULTI-MAPPING READS:
        Number of reads mapped to multiple loci |	83
             % of reads mapped to multiple loci |	0.83%
        Number of reads mapped to too many loci |	19
             % of reads mapped to too many loci |	0.19%
                                  UNMAPPED READS:
       % of reads unmapped: too many mismatches |	0.02%
                 % of reads unmapped: too short |	98.31%
                     % of reads unmapped: other |	0.18%
                                  CHIMERIC READS:
                       Number of chimeric reads |	0
                            % of chimeric reads |	0.00%
